C51 COMPILER V9.60.0.0   LCD                                                               07/10/2021 18:53:20 PAGE 1   


C51 COMPILER V9.60.0.0, COMPILATION OF MODULE LCD
OBJECT MODULE PLACED IN .\Objects\LCD.obj
COMPILER INVOKED BY: E:\Keil\C51\BIN\C51.EXE LCD.c OPTIMIZE(8,SPEED) BROWSE DEBUG OBJECTEXTEND PRINT(.\Listings\LCD.lst)
                    - TABS(2) OBJECT(.\Objects\LCD.obj)

line level    source

   1          #include <89c51rd2.h>
   2          #include "LCD.prm"
   3          #include "LCD.h"
   4          
   5          static void lcd_init(void);
   6          static void lcd_Wrtcmd(U1);
   7          static void lcd_Wrtdata(U1);
   8          
   9          
  10          int main(void)
  11          {
  12   1          lcd_Bon();
  13   1          lcd_Wkup();
  14   1          lcd_routine();
  15   1          return(0);
  16   1      }
  17          
  18          void lcd_Bon(void){
  19   1      
  20   1          lcd_init();
  21   1      }
  22          
  23          void lcd_Wkup(void){
  24   1          
  25   1          lcd_init();
  26   1          lcd_Wrtcmd(INI);
  27   1          lcd_Wrtcmd(INC);
  28   1          lcd_Wrtcmd(LIN_1);
  29   1          lcd_Wrtcmd(CUR);
  30   1      
  31   1      }
  32          
  33          void nop(void){
  34   1          U1 u1_dly;
  35   1          u1_dly  =   (U1)250;
  36   1          while(u1_dly){
  37   2              u1_dly--;
  38   2          }
  39   1      }
  40          
  41          static void lcd_init(void){
  42   1      
  43   1          RS  =   LO;
  44   1          E   =   LO;
  45   1          u1_DAT = U1_MIN;
  46   1      }
  47          
  48          static void lcd_Wrtcmd(U1 u1_cmd){
  49   1          u1_DAT = u1_cmd;
  50   1          RS  =   LO;
  51   1          E   =   HI;
  52   1          nop();
  53   1          E   =   LO;
  54   1      }
C51 COMPILER V9.60.0.0   LCD                                                               07/10/2021 18:53:20 PAGE 2   

  55          
  56          static void lcd_Wrtdata(U1 u1_cmd){
  57   1          u1_DAT = u1_cmd;
  58   1          RS  =   HI;   
  59   1          E   =   HI;
  60   1          nop();
  61   1          E   =   LO;
  62   1      }
  63          
  64          
  65          void lcd_dispstr(U1 *p){
  66   1      
  67   1          while (*p)
  68   1          {
  69   2              lcd_Wrtdata(*p);
  70   2              *p++;
*** WARNING C275 IN LINE 70 OF LCD.c: expression with possibly no effect
  71   2          }
  72   1          
  73   1      }
  74          
  75          D1 u1_Hex2Bcd(U1 u1_Hex){
  76   1      
  77   1          U1 u1_D1;
  78   1          u1_D1 = (D1)0;
  79   1      
  80   1          if(u1_Hex > Hex_d1MAX){
  81   2              
  82   2              u1_D1 = Hex_d1MAX;
  83   2          }
  84   1          
  85   1          
  86   1          return(u1_D1);
  87   1      }
  88          
  89          void lcd_routine(void){
  90   1      lcd_Wrtcmd(LIN_1);
  91   1      lcd_dispstr("   albtronics   ");
  92   1      lcd_Wrtcmd(LIN_2);
  93   1      lcd_dispstr(" albtronics.org ");
  94   1          while (1);   
  95   1      }


MODULE INFORMATION:   STATIC OVERLAYABLE
   CODE SIZE        =    136    ----
   CONSTANT SIZE    =     34    ----
   XDATA SIZE       =   ----    ----
   PDATA SIZE       =   ----    ----
   DATA SIZE        =   ----    ----
   IDATA SIZE       =   ----    ----
   BIT SIZE         =   ----    ----
END OF MODULE INFORMATION.


C51 COMPILATION COMPLETE.  1 WARNING(S),  0 ERROR(S)
